Build started 2/9/2013 11:50:53 AM.
     1>Project "c:\documents and settings\mmosher_p\vs\Dashboard\Dashboard\Dashboard.vcxproj" on node 2 (build target(s)).
     1>InitializeBuildStatus:
         Creating "Debug\Dashboard.unsuccessfulbuild" because "AlwaysCreate" was specified.
       ClCompile:
         C:\Program Files\Microsoft Visual Studio 10.0\VC\bin\CL.exe /c /ZI /nologo /W3 /WX- /Od /Oy- /D WIN32 /D _DEBUG /D _CONSOLE /D _UNICODE /D UNICODE /Gm /EHsc /RTC1 /MDd /GS /fp:precise /Zc:wchar_t /Zc:forScope /Fo"Debug\\" /Fd"Debug\vc100.pdb" /Gd /TP /analyze- /errorReport:prompt Dashboard.cpp
         Dashboard.cpp
       ManifestResourceCompile:
         All outputs are up-to-date.
       Link:
         C:\Program Files\Microsoft Visual Studio 10.0\VC\bin\link.exe /ERRORREPORT:PROMPT /OUT:"c:\documents and settings\mmosher_p\vs\Dashboard\Debug\Dashboard.exe" /INCREMENTAL /NOLOGO wxbase29ud.lib kernel32.lib user32.lib gdi32.lib winspool.lib comdlg32.lib advapi32.lib shell32.lib ole32.lib oleaut32.lib uuid.lib odbc32.lib odbccp32.lib /MANIFEST /ManifestFile:"Debug\Dashboard.exe.intermediate.manifest" /MANIFESTUAC:"level='asInvoker' uiAccess='false'" /DEBUG /PDB:"c:\documents and settings\mmosher_p\vs\Dashboard\Debug\Dashboard.pdb" /SUBSYSTEM:CONSOLE /TLBID:1 /DYNAMICBASE /NXCOMPAT /IMPLIB:"c:\documents and settings\mmosher_p\vs\Dashboard\Debug\Dashboard.lib" /MACHINE:X86 Debug\Dashboard.exe.embed.manifest.res
         Debug\Dashboard.obj
       Manifest:
         C:\Program Files\Microsoft SDKs\Windows\v7.0A\bin\mt.exe /nologo /verbose /out:"Debug\Dashboard.exe.embed.manifest" /manifest Debug\Dashboard.exe.intermediate.manifest
         All outputs are up-to-date.
       LinkEmbedManifest:
         All outputs are up-to-date.
         Dashboard.vcxproj -> c:\documents and settings\mmosher_p\vs\Dashboard\Debug\Dashboard.exe
       FinalizeBuildStatus:
         Deleting file "Debug\Dashboard.unsuccessfulbuild".
         Touching "Debug\Dashboard.lastbuildstate".
     1>Done Building Project "c:\documents and settings\mmosher_p\vs\Dashboard\Dashboard\Dashboard.vcxproj" (build target(s)).

Build succeeded.

Time Elapsed 00:00:07.51
